<?xml version="1.0" encoding="UTF-8"?>
<!-- Generated by org.testng.reporters.JUnitReportReporter -->
<testsuite hostname="LAPTOP-GAUPM6CM" failures="0" tests="1" name="apr6th.FacebookRegister" time="9.023" errors="0" timestamp="2024-04-06T10:18:55 IST" skipped="0">
  <testcase classname="apr6th.FacebookRegister" name="facebookRegistrationTest" time="9.023"/>
</testsuite> <!-- apr6th.FacebookRegister -->
