<?xml version="1.0" encoding="UTF-8"?>
<!-- Generated by org.testng.reporters.JUnitReportReporter -->
<testsuite hostname="LAPTOP-GAUPM6CM" failures="0" tests="1" name="apr5th.MultipleWindowHandle" time="23.200" errors="0" timestamp="2024-04-05T10:03:10 IST" skipped="0">
  <testcase classname="apr5th.MultipleWindowHandle" name="multipleWindowsHandleTest" time="23.200"/>
</testsuite> <!-- apr5th.MultipleWindowHandle -->
