<?xml version="1.0" encoding="UTF-8"?>
<!-- Generated by org.testng.reporters.JUnitReportReporter -->
<testsuite hostname="LAPTOP-GAUPM6CM" failures="0" tests="1" name="apr10th.ScreenshotDemo5" time="12.474" errors="0" timestamp="2024-04-10T10:18:34 IST" skipped="0">
  <testcase classname="apr10th.ScreenshotDemo5" name="screenshotTest" time="12.474"/>
</testsuite> <!-- apr10th.ScreenshotDemo5 -->
