<?xml version="1.0" encoding="UTF-8"?>
<!-- Generated by org.testng.reporters.JUnitReportReporter -->
<testsuite hostname="LAPTOP-GAUPM6CM" failures="0" tests="2" name="apr15th.RadioButton" time="28.246" errors="0" timestamp="2024-04-15T09:54:29 IST" skipped="0">
  <testcase classname="apr15th.RadioButton" name="radioButtonTest" time="11.530"/>
  <testcase classname="apr15th.RadioButton" name="toValidateCheeseOptionTest" time="16.716"/>
</testsuite> <!-- apr15th.RadioButton -->
