<?xml version="1.0" encoding="UTF-8"?>
<!-- Generated by org.testng.reporters.JUnitReportReporter -->
<testsuite hostname="LAPTOP-GAUPM6CM" failures="0" tests="1" name="apr15th.StaticWebTable1" time="38.660" errors="0" timestamp="2024-04-15T10:35:37 IST" skipped="0">
  <testcase classname="apr15th.StaticWebTable1" name="staticWebTableTest" time="38.660"/>
</testsuite> <!-- apr15th.StaticWebTable1 -->
