<?xml version="1.0" encoding="UTF-8"?>
<!-- Generated by org.testng.reporters.JUnitReportReporter -->
<testsuite hostname="LAPTOP-GAUPM6CM" failures="0" tests="1" name="apr5th.AlertHandle" time="7.204" errors="0" timestamp="2024-04-05T11:03:41 IST" skipped="0">
  <testcase classname="apr5th.AlertHandle" name="alertHandleTest" time="7.204"/>
</testsuite> <!-- apr5th.AlertHandle -->
