<?xml version="1.0" encoding="UTF-8"?>
<!-- Generated by org.testng.reporters.JUnitReportReporter -->
<testsuite hostname="LAPTOP-GAUPM6CM" failures="0" tests="1" name="apr4th.DragAndDrop" time="6.667" errors="0" timestamp="2024-04-04T11:04:29 IST" skipped="0">
  <testcase classname="apr4th.DragAndDrop" name="dragAndDropTest" time="6.667"/>
</testsuite> <!-- apr4th.DragAndDrop -->
