<?xml version="1.0" encoding="UTF-8"?>
<!-- Generated by org.testng.reporters.JUnitReportReporter -->
<testsuite hostname="LAPTOP-GAUPM6CM" failures="0" tests="1" name="apr5th.FrameHandle" time="6.631" errors="0" timestamp="2024-04-05T10:32:12 IST" skipped="0">
  <testcase classname="apr5th.FrameHandle" name="multipleWindowsHandleTest" time="6.631"/>
</testsuite> <!-- apr5th.FrameHandle -->
