<?xml version="1.0" encoding="UTF-8"?>
<!-- Generated by org.testng.reporters.JUnitReportReporter -->
<testsuite hostname="LAPTOP-GAUPM6CM" failures="0" tests="1" name="apr8th.ScreenshotDemo2" time="7.962" errors="0" timestamp="2024-04-08T10:15:18 IST" skipped="0">
  <testcase classname="apr8th.ScreenshotDemo2" name="screenshotTest" time="7.962"/>
</testsuite> <!-- apr8th.ScreenshotDemo2 -->
