<?xml version="1.0" encoding="UTF-8"?>
<!-- Generated by org.testng.reporters.JUnitReportReporter -->
<testsuite hostname="LAPTOP-GAUPM6CM" failures="0" tests="1" name="apr4th.MouseHover" time="7.015" errors="0" timestamp="2024-04-04T10:34:30 IST" skipped="0">
  <testcase classname="apr4th.MouseHover" name="mouseHoverTest" time="7.015"/>
</testsuite> <!-- apr4th.MouseHover -->
