<?xml version="1.0" encoding="UTF-8"?>
<!-- Generated by org.testng.reporters.JUnitReportReporter -->
<testsuite hostname="LAPTOP-GAUPM6CM" failures="0" tests="3" name="apr15th.Checkbox" time="26.532" errors="0" timestamp="2024-04-15T10:17:05 IST" skipped="2">
  <testcase classname="apr15th.Checkbox" name="checkBoxAllSelectedTest" time="26.532"/>
  <testcase classname="apr15th.Checkbox" name="checkBoxTest">
    <skipped/>
  </testcase> <!-- checkBoxTest -->
  <testcase classname="apr15th.Checkbox" name="checkBoxNoneSelectedTest">
    <skipped/>
  </testcase> <!-- checkBoxNoneSelectedTest -->
</testsuite> <!-- apr15th.Checkbox -->
