<?xml version="1.0" encoding="UTF-8"?>
<!-- Generated by org.testng.reporters.JUnitReportReporter -->
<testsuite hostname="LAPTOP-GAUPM6CM" failures="0" tests="1" name="apr10th.ScreenshotDemo4" time="9.407" errors="0" timestamp="2024-04-10T09:48:39 IST" skipped="0">
  <testcase classname="apr10th.ScreenshotDemo4" name="screenshotTest" time="9.407"/>
</testsuite> <!-- apr10th.ScreenshotDemo4 -->
