<?xml version="1.0" encoding="UTF-8"?>
<!-- Generated by org.testng.reporters.JUnitReportReporter -->
<testsuite hostname="LAPTOP-GAUPM6CM" failures="0" tests="1" name="apr6th.ExplicitWaitDemo1" time="11.376" errors="0" timestamp="2024-04-06T10:38:51 IST" skipped="0">
  <testcase classname="apr6th.ExplicitWaitDemo1" name="waitsTest" time="11.376"/>
</testsuite> <!-- apr6th.ExplicitWaitDemo1 -->
