<?xml version="1.0" encoding="UTF-8"?>
<!-- Generated by org.testng.reporters.JUnitReportReporter -->
<testsuite hostname="LAPTOP-GAUPM6CM" failures="0" tests="1" name="apr4th.MouseHover2" time="11.428" errors="0" timestamp="2024-04-04T10:37:15 IST" skipped="0">
  <testcase classname="apr4th.MouseHover2" name="mouseHoverTest" time="11.428"/>
</testsuite> <!-- apr4th.MouseHover2 -->
