<?xml version="1.0" encoding="UTF-8"?>
<!-- Generated by org.testng.reporters.JUnitReportReporter -->
<testsuite hostname="LAPTOP-GAUPM6CM" failures="0" tests="1" name="apr5th.MultipleWindowHandle3" time="29.270" errors="0" timestamp="2024-04-05T10:15:12 IST" skipped="0">
  <testcase classname="apr5th.MultipleWindowHandle3" name="multipleWindowsHandleTest" time="29.270"/>
</testsuite> <!-- apr5th.MultipleWindowHandle3 -->
