<?xml version="1.0" encoding="UTF-8"?>
<!-- Generated by org.testng.reporters.JUnitReportReporter -->
<testsuite hostname="LAPTOP-GAUPM6CM" failures="0" tests="1" name="apr8th.FluentWaitDemo1" time="13.388" errors="0" timestamp="2024-04-08T10:00:26 IST" skipped="0">
  <testcase classname="apr8th.FluentWaitDemo1" name="waitsTest" time="13.388"/>
</testsuite> <!-- apr8th.FluentWaitDemo1 -->
