<?xml version="1.0" encoding="UTF-8"?>
<!-- Generated by org.testng.reporters.JUnitReportReporter -->
<testsuite hostname="LAPTOP-GAUPM6CM" failures="0" tests="1" name="apr6th.ImplicitWaitDemo" time="6.452" errors="0" timestamp="2024-04-06T10:24:05 IST" skipped="0">
  <testcase classname="apr6th.ImplicitWaitDemo" name="facebookRegistrationTest" time="6.452"/>
</testsuite> <!-- apr6th.ImplicitWaitDemo -->
