<?xml version="1.0" encoding="UTF-8"?>
<!-- Generated by org.testng.reporters.JUnitReportReporter -->
<testsuite hostname="LAPTOP-GAUPM6CM" failures="0" tests="1" name="apr10th.ScrollDownDemo1" time="12.175" errors="0" timestamp="2024-04-10T10:17:21 IST" skipped="0">
  <testcase classname="apr10th.ScrollDownDemo1" name="scrollTest" time="12.175"/>
</testsuite> <!-- apr10th.ScrollDownDemo1 -->
