<?xml version="1.0" encoding="UTF-8"?>
<!-- Generated by org.testng.reporters.JUnitReportReporter -->
<testsuite hostname="LAPTOP-GAUPM6CM" failures="0" tests="1" name="apr10th.ClickUsingJS" time="14.269" errors="0" timestamp="2024-04-10T10:29:08 IST" skipped="0">
  <testcase classname="apr10th.ClickUsingJS" name="clickTest" time="14.269"/>
</testsuite> <!-- apr10th.ClickUsingJS -->
